<?xml version="1.0" encoding="UTF-8"?>
<!-- Generated by org.testng.reporters.JUnitXMLReporter -->
<testsuite hostname="seregas-mbp.lan" ignored="0" name="Default test" tests="1" failures="0" timestamp="07 May 2018 21:03:28 GMT" time="45.756" errors="0">
  <testcase name="@BeforeClass setUp" time="45.727" classname="serega.TestAlerts">
    <failure type="org.openqa.selenium.WebDriverException" message="Failed to connect to binary FirefoxBinary(/Applications/Firefox.app/Contents/MacOS/firefox-bin) on port 7055; process output follows: 
525726964752	addons.xpi	INFO	Mapping e10srollout@mozilla.org to /Applications/Firefox.app/Contents/Resources/browser/features/e10srollout@mozilla.org.xpi
1525726964752	addons.xpi	INFO	Mapping clicktoplay-rollout@mozilla.org to /Applications/Firefox.app/Contents/Resources/browser/features/clicktoplay-rollout@mozilla.org.xpi
1525726964753	addons.xpi	DEBUG	Existing add-on screenshots@mozilla.org in app-system-defaults
1525726964753	addons.xpi	DEBUG	Existing add-on webcompat@mozilla.org in app-system-defaults
1525726964753	addons.xpi	DEBUG	Existing add-on firefox@getpocket.com in app-system-defaults
1525726964753	addons.xpi	DEBUG	Existing add-on followonsearch@mozilla.com in app-system-defaults
1525726964753	addons.xpi	DEBUG	Existing add-on aushelper@mozilla.org in app-system-defaults
1525726964754	addons.xpi	DEBUG	Existing add-on shield-recipe-client@mozilla.org in app-system-defaults
1525726964754	addons.xpi	DEBUG	Existing add-on e10srollout@mozilla.org in app-system-defaults
1525726964754	addons.xpi	DEBUG	Existing add-on clicktoplay-rollout@mozilla.org in app-system-defaults
1525726964754	addons.xpi	INFO	Mapping {972ce4c6-7e08-4474-a285-3208198ce6fd} to /Applications/Firefox.app/Contents/Resources/browser/extensions/{972ce4c6-7e08-4474-a285-3208198ce6fd}.xpi
1525726964755	addons.xpi	DEBUG	Existing add-on {972ce4c6-7e08-4474-a285-3208198ce6fd} in app-global
1525726964755	addons.xpi	DEBUG	getInstallState changed: false, state: {}
1525726964831	addons.productaddons	INFO	sending request to: https://aus5.mozilla.org/update/3/GMP/55.0/20170803105720/Darwin_x86_64-gcc3/en-US/release/Darwin%2017.3.0/default/default/update.xml
2018-05-07 14:02:44.918 plugin-container[52594:4219737] *** CFMessagePort: bootstrap_register(): failed 1100 (0x44c) &amp;apos;Permission denied&amp;apos;, port = 0x8f3b, name = &amp;apos;com.apple.tsm.portname&amp;apos;
See /usr/include/servers/bootstrap_defs.h for the error codes.
1525726965000	addons.productaddons	INFO	Completed downloading document
1525726965141	addons.productaddons	INFO	downloadXHR File download. status=200
1525726965143	addons.productaddons	INFO	Downloaded file will be saved to /var/folders/h3/4n_fm7gs67x3sbdt78z670w00000gp/T/tmpaddon
1525726966180	addons.productaddons	INFO	downloadXHR File download. status=200
1525726966183	addons.productaddons	INFO	Downloaded file will be saved to /var/folders/h3/4n_fm7gs67x3sbdt78z670w00000gp/T/tmpaddon
1525726991449	addons.xpi	DEBUG	Calling bootstrap method shutdown on webcompat@mozilla.org version 1.1
1525726991449	addons.xpi	DEBUG	Calling bootstrap method shutdown on shield-recipe-client@mozilla.org version 55.1
1525726991458	addons.xpi	DEBUG	Calling bootstrap method shutdown on screenshots@mozilla.org version 10.10.0
1525726991459	addons.xpi	DEBUG	Calling bootstrap method shutdown on followonsearch@mozilla.com version 0.9.1
1525726991460	addons.xpi	DEBUG	Calling bootstrap method shutdown on firefox@getpocket.com version 1.0.5
1525726991460	addons.xpi	DEBUG	Calling bootstrap method shutdown on e10srollout@mozilla.org version 2.0
1525726991460	addons.xpi	DEBUG	Calling bootstrap method shutdown on clicktoplay-rollout@mozilla.org version 1.2
1525726991460	addons.xpi	DEBUG	Calling bootstrap method shutdown on aushelper@mozilla.org version 2.0
JavaScript error: resource://shield-recipe-client/lib/Heartbeat.jsm, line 258: TypeError: Date is undefined
1525726991682	addons.manager	DEBUG	shutdown
1525726991683	addons.manager	DEBUG	Calling shutdown blocker for XPIProvider
1525726991683	addons.xpi	DEBUG	shutdown
1525726991683	addons.xpi-utils	DEBUG	shutdown
1525726991684	addons.manager	DEBUG	Calling shutdown blocker for LightweightThemeManager
1525726991684	addons.manager	DEBUG	Calling shutdown blocker for GMPProvider
1525726991685	addons.manager	DEBUG	Calling shutdown blocker for PluginProvider
1525726991686	addons.manager	DEBUG	Calling shutdown blocker for PreviousExperimentProvider
1525726991686	addons.manager	DEBUG	Calling shutdown blocker for &amp;lt;unnamed-provider&amp;gt;
1525726991688	addons.xpi	DEBUG	Notifying XPI shutdown observers
1525726991694	addons.manager	DEBUG	Async provider shutdown done

Build info: version: &amp;apos;2.53.1&amp;apos;, revision: &amp;apos;a36b8b1cd5757287168e54b817830adce9b0158d&amp;apos;, time: &amp;apos;2016-06-30 19:26:09&amp;apos;
System info: host: &amp;apos;seregas-mbp.lan&amp;apos;, ip: &amp;apos;192.168.86.234&amp;apos;, os.name: &amp;apos;Mac OS X&amp;apos;, os.arch: &amp;apos;x86_64&amp;apos;, os.version: &amp;apos;10.13.2&amp;apos;, java.version: &amp;apos;1.8.0_161&amp;apos;
Driver info: driver.version: FirefoxDriver">
      <![CDATA[org.openqa.selenium.WebDriverException: Failed to connect to binary FirefoxBinary(/Applications/Firefox.app/Contents/MacOS/firefox-bin) on port 7055; process output follows: 
525726964752addons.xpiINFOMapping e10srollout@mozilla.org to /Applications/Firefox.app/Contents/Resources/browser/features/e10srollout@mozilla.org.xpi
1525726964752addons.xpiINFOMapping clicktoplay-rollout@mozilla.org to /Applications/Firefox.app/Contents/Resources/browser/features/clicktoplay-rollout@mozilla.org.xpi
1525726964753addons.xpiDEBUGExisting add-on screenshots@mozilla.org in app-system-defaults
1525726964753addons.xpiDEBUGExisting add-on webcompat@mozilla.org in app-system-defaults
1525726964753addons.xpiDEBUGExisting add-on firefox@getpocket.com in app-system-defaults
1525726964753addons.xpiDEBUGExisting add-on followonsearch@mozilla.com in app-system-defaults
1525726964753addons.xpiDEBUGExisting add-on aushelper@mozilla.org in app-system-defaults
1525726964754addons.xpiDEBUGExisting add-on shield-recipe-client@mozilla.org in app-system-defaults
1525726964754addons.xpiDEBUGExisting add-on e10srollout@mozilla.org in app-system-defaults
1525726964754addons.xpiDEBUGExisting add-on clicktoplay-rollout@mozilla.org in app-system-defaults
1525726964754addons.xpiINFOMapping {972ce4c6-7e08-4474-a285-3208198ce6fd} to /Applications/Firefox.app/Contents/Resources/browser/extensions/{972ce4c6-7e08-4474-a285-3208198ce6fd}.xpi
1525726964755addons.xpiDEBUGExisting add-on {972ce4c6-7e08-4474-a285-3208198ce6fd} in app-global
1525726964755addons.xpiDEBUGgetInstallState changed: false, state: {}
1525726964831addons.productaddonsINFOsending request to: https://aus5.mozilla.org/update/3/GMP/55.0/20170803105720/Darwin_x86_64-gcc3/en-US/release/Darwin%2017.3.0/default/default/update.xml
2018-05-07 14:02:44.918 plugin-container[52594:4219737] *** CFMessagePort: bootstrap_register(): failed 1100 (0x44c) 'Permission denied', port = 0x8f3b, name = 'com.apple.tsm.portname'
See /usr/include/servers/bootstrap_defs.h for the error codes.
1525726965000addons.productaddonsINFOCompleted downloading document
1525726965141addons.productaddonsINFOdownloadXHR File download. status=200
1525726965143addons.productaddonsINFODownloaded file will be saved to /var/folders/h3/4n_fm7gs67x3sbdt78z670w00000gp/T/tmpaddon
1525726966180addons.productaddonsINFOdownloadXHR File download. status=200
1525726966183addons.productaddonsINFODownloaded file will be saved to /var/folders/h3/4n_fm7gs67x3sbdt78z670w00000gp/T/tmpaddon
1525726991449addons.xpiDEBUGCalling bootstrap method shutdown on webcompat@mozilla.org version 1.1
1525726991449addons.xpiDEBUGCalling bootstrap method shutdown on shield-recipe-client@mozilla.org version 55.1
1525726991458addons.xpiDEBUGCalling bootstrap method shutdown on screenshots@mozilla.org version 10.10.0
1525726991459addons.xpiDEBUGCalling bootstrap method shutdown on followonsearch@mozilla.com version 0.9.1
1525726991460addons.xpiDEBUGCalling bootstrap method shutdown on firefox@getpocket.com version 1.0.5
1525726991460addons.xpiDEBUGCalling bootstrap method shutdown on e10srollout@mozilla.org version 2.0
1525726991460addons.xpiDEBUGCalling bootstrap method shutdown on clicktoplay-rollout@mozilla.org version 1.2
1525726991460addons.xpiDEBUGCalling bootstrap method shutdown on aushelper@mozilla.org version 2.0
JavaScript error: resource://shield-recipe-client/lib/Heartbeat.jsm, line 258: TypeError: Date is undefined
1525726991682addons.managerDEBUGshutdown
1525726991683addons.managerDEBUGCalling shutdown blocker for XPIProvider
1525726991683addons.xpiDEBUGshutdown
1525726991683addons.xpi-utilsDEBUGshutdown
1525726991684addons.managerDEBUGCalling shutdown blocker for LightweightThemeManager
1525726991684addons.managerDEBUGCalling shutdown blocker for GMPProvider
1525726991685addons.managerDEBUGCalling shutdown blocker for PluginProvider
1525726991686addons.managerDEBUGCalling shutdown blocker for PreviousExperimentProvider
1525726991686addons.managerDEBUGCalling shutdown blocker for <unnamed-provider>
1525726991688addons.xpiDEBUGNotifying XPI shutdown observers
1525726991694addons.managerDEBUGAsync provider shutdown done

Build info: version: '2.53.1', revision: 'a36b8b1cd5757287168e54b817830adce9b0158d', time: '2016-06-30 19:26:09'
System info: host: 'seregas-mbp.lan', ip: '192.168.86.234', os.name: 'Mac OS X', os.arch: 'x86_64', os.version: '10.13.2', java.version: '1.8.0_161'
Driver info: driver.version: FirefoxDriver
at org.openqa.selenium.firefox.internal.NewProfileExtensionConnection.start(NewProfileExtensionConnection.java:125)
at org.openqa.selenium.firefox.FirefoxDriver.startClient(FirefoxDriver.java:271)
at org.openqa.selenium.remote.RemoteWebDriver.<init>(RemoteWebDriver.java:119)
at org.openqa.selenium.firefox.FirefoxDriver.<init>(FirefoxDriver.java:216)
at org.openqa.selenium.firefox.FirefoxDriver.<init>(FirefoxDriver.java:211)
at org.openqa.selenium.firefox.FirefoxDriver.<init>(FirefoxDriver.java:207)
at org.openqa.selenium.firefox.FirefoxDriver.<init>(FirefoxDriver.java:120)
at serega.TestAlerts.setUp(TestAlerts.java:19)
at sun.reflect.NativeMethodAccessorImpl.invoke0(Native Method)
at sun.reflect.NativeMethodAccessorImpl.invoke(NativeMethodAccessorImpl.java:62)
at sun.reflect.DelegatingMethodAccessorImpl.invoke(DelegatingMethodAccessorImpl.java:43)
at java.lang.reflect.Method.invoke(Method.java:498)
at org.testng.internal.MethodInvocationHelper.invokeMethod(MethodInvocationHelper.java:124)
at org.testng.internal.MethodInvocationHelper.invokeMethodConsideringTimeout(MethodInvocationHelper.java:59)
at org.testng.internal.Invoker.invokeConfigurationMethod(Invoker.java:458)
at org.testng.internal.Invoker.invokeConfigurations(Invoker.java:222)
at org.testng.internal.Invoker.invokeConfigurations(Invoker.java:142)
at org.testng.internal.TestMethodWorker.invokeBeforeClassMethods(TestMethodWorker.java:168)
at org.testng.internal.TestMethodWorker.run(TestMethodWorker.java:105)
at org.testng.TestRunner.privateRun(TestRunner.java:648)
at org.testng.TestRunner.run(TestRunner.java:505)
at org.testng.SuiteRunner.runTest(SuiteRunner.java:455)
at org.testng.SuiteRunner.runSequentially(SuiteRunner.java:450)
at org.testng.SuiteRunner.privateRun(SuiteRunner.java:415)
at org.testng.SuiteRunner.run(SuiteRunner.java:364)
at org.testng.SuiteRunnerWorker.runSuite(SuiteRunnerWorker.java:52)
at org.testng.SuiteRunnerWorker.run(SuiteRunnerWorker.java:84)
at org.testng.TestNG.runSuitesSequentially(TestNG.java:1208)
at org.testng.TestNG.runSuitesLocally(TestNG.java:1137)
at org.testng.TestNG.runSuites(TestNG.java:1049)
at org.testng.TestNG.run(TestNG.java:1017)
at org.testng.remote.AbstractRemoteTestNG.run(AbstractRemoteTestNG.java:114)
at org.testng.remote.RemoteTestNG.initAndRun(RemoteTestNG.java:251)
at org.testng.remote.RemoteTestNG.main(RemoteTestNG.java:77)
Caused by: org.openqa.selenium.firefox.NotConnectedException: Unable to connect to host 127.0.0.1 on port 7055 after 45000 ms. Firefox console output:
525726964752addons.xpiINFOMapping e10srollout@mozilla.org to /Applications/Firefox.app/Contents/Resources/browser/features/e10srollout@mozilla.org.xpi
1525726964752addons.xpiINFOMapping clicktoplay-rollout@mozilla.org to /Applications/Firefox.app/Contents/Resources/browser/features/clicktoplay-rollout@mozilla.org.xpi
1525726964753addons.xpiDEBUGExisting add-on screenshots@mozilla.org in app-system-defaults
1525726964753addons.xpiDEBUGExisting add-on webcompat@mozilla.org in app-system-defaults
1525726964753addons.xpiDEBUGExisting add-on firefox@getpocket.com in app-system-defaults
1525726964753addons.xpiDEBUGExisting add-on followonsearch@mozilla.com in app-system-defaults
1525726964753addons.xpiDEBUGExisting add-on aushelper@mozilla.org in app-system-defaults
1525726964754addons.xpiDEBUGExisting add-on shield-recipe-client@mozilla.org in app-system-defaults
1525726964754addons.xpiDEBUGExisting add-on e10srollout@mozilla.org in app-system-defaults
1525726964754addons.xpiDEBUGExisting add-on clicktoplay-rollout@mozilla.org in app-system-defaults
1525726964754addons.xpiINFOMapping {972ce4c6-7e08-4474-a285-3208198ce6fd} to /Applications/Firefox.app/Contents/Resources/browser/extensions/{972ce4c6-7e08-4474-a285-3208198ce6fd}.xpi
1525726964755addons.xpiDEBUGExisting add-on {972ce4c6-7e08-4474-a285-3208198ce6fd} in app-global
1525726964755addons.xpiDEBUGgetInstallState changed: false, state: {}
1525726964831addons.productaddonsINFOsending request to: https://aus5.mozilla.org/update/3/GMP/55.0/20170803105720/Darwin_x86_64-gcc3/en-US/release/Darwin%2017.3.0/default/default/update.xml
2018-05-07 14:02:44.918 plugin-container[52594:4219737] *** CFMessagePort: bootstrap_register(): failed 1100 (0x44c) 'Permission denied', port = 0x8f3b, name = 'com.apple.tsm.portname'
See /usr/include/servers/bootstrap_defs.h for the error codes.
1525726965000addons.productaddonsINFOCompleted downloading document
1525726965141addons.productaddonsINFOdownloadXHR File download. status=200
1525726965143addons.productaddonsINFODownloaded file will be saved to /var/folders/h3/4n_fm7gs67x3sbdt78z670w00000gp/T/tmpaddon
1525726966180addons.productaddonsINFOdownloadXHR File download. status=200
1525726966183addons.productaddonsINFODownloaded file will be saved to /var/folders/h3/4n_fm7gs67x3sbdt78z670w00000gp/T/tmpaddon
1525726991449addons.xpiDEBUGCalling bootstrap method shutdown on webcompat@mozilla.org version 1.1
1525726991449addons.xpiDEBUGCalling bootstrap method shutdown on shield-recipe-client@mozilla.org version 55.1
1525726991458addons.xpiDEBUGCalling bootstrap method shutdown on screenshots@mozilla.org version 10.10.0
1525726991459addons.xpiDEBUGCalling bootstrap method shutdown on followonsearch@mozilla.com version 0.9.1
1525726991460addons.xpiDEBUGCalling bootstrap method shutdown on firefox@getpocket.com version 1.0.5
1525726991460addons.xpiDEBUGCalling bootstrap method shutdown on e10srollout@mozilla.org version 2.0
1525726991460addons.xpiDEBUGCalling bootstrap method shutdown on clicktoplay-rollout@mozilla.org version 1.2
1525726991460addons.xpiDEBUGCalling bootstrap method shutdown on aushelper@mozilla.org version 2.0
JavaScript error: resource://shield-recipe-client/lib/Heartbeat.jsm, line 258: TypeError: Date is undefined
1525726991682addons.managerDEBUGshutdown
1525726991683addons.managerDEBUGCalling shutdown blocker for XPIProvider
1525726991683addons.xpiDEBUGshutdown
1525726991683addons.xpi-utilsDEBUGshutdown
1525726991684addons.managerDEBUGCalling shutdown blocker for LightweightThemeManager
1525726991684addons.managerDEBUGCalling shutdown blocker for GMPProvider
1525726991685addons.managerDEBUGCalling shutdown blocker for PluginProvider
1525726991686addons.managerDEBUGCalling shutdown blocker for PreviousExperimentProvider
1525726991686addons.managerDEBUGCalling shutdown blocker for <unnamed-provider>
1525726991688addons.xpiDEBUGNotifying XPI shutdown observers
1525726991694addons.managerDEBUGAsync provider shutdown done

at org.openqa.selenium.firefox.internal.NewProfileExtensionConnection.start(NewProfileExtensionConnection.java:113)
... 33 more
]]>
    </failure>
  </testcase> <!-- @BeforeClass setUp -->
  <testcase name="login" time="0.0" classname="serega.TestAlerts">
    <skipped/>
  </testcase> <!-- login -->
</testsuite> <!-- Default test -->
